<?xml version="1.0" encoding="UTF-8" standalone="no"?>
<!DOCTYPE log SYSTEM "logger.dtd">
<log>
<record>
  <date>2019-05-27T16:23:24.188-0300</date>
  <logger>MAURICIO MARQUES DA SILVA MONTE</logger>
  <level>FINE</level>
  <message>File 118110914-MAURICIO MARQUES DA SILVA MONTE.zip was received. It was sent by MAURICIO MARQUES DA SILVA MONTE from IP 150.165.42.195 at 27-05-2019 16*23*24</message>
</record>
</log>
<?xml version="1.0" encoding="UTF-8" standalone="no"?>
<!DOCTYPE log SYSTEM "logger.dtd">
<log>
<record>
  <date>2019-05-27T23:40:54.179-0300</date>
  <logger>MAURICIO MARQUES DA SILVA MONTE</logger>
  <level>FINE</level>
  <message>File 118110914-MAURICIO MARQUES DA SILVA MONTE.zip was received. It was sent by MAURICIO MARQUES DA SILVA MONTE from IP 192.168.0.173 at 27-05-2019 23*40*54</message>
</record>
</log>
<?xml version="1.0" encoding="UTF-8" standalone="no"?>
<!DOCTYPE log SYSTEM "logger.dtd">
<log>
<record>
  <date>2019-05-28T00:13:27.149-0300</date>
  <logger>MAURICIO MARQUES DA SILVA MONTE</logger>
  <level>FINE</level>
  <message>File 118110914-MAURICIO MARQUES DA SILVA MONTE.zip was received. It was sent by MAURICIO MARQUES DA SILVA MONTE from IP 192.168.0.173 at 28-05-2019 00*13*27</message>
</record>
