<?xml version="1.0" encoding="UTF-8" standalone="no"?>
<!DOCTYPE log SYSTEM "logger.dtd">
<log>
<record>
  <date>2019-04-01T16:30:02.535-0300</date>
  <logger>MAURICIO MARQUES DA SILVA MONTE</logger>
  <level>FINE</level>
  <message>File 118110914-MAURICIO MARQUES DA SILVA MONTE.zip was received. It was sent by MAURICIO MARQUES DA SILVA MONTE from IP 150.165.42.156</message>
</record>
</log>
<?xml version="1.0" encoding="UTF-8" standalone="no"?>
<!DOCTYPE log SYSTEM "logger.dtd">
<log>
<record>
  <date>2019-04-03T13:07:24.579-0300</date>
  <logger>MAURICIO MARQUES DA SILVA MONTE</logger>
  <level>FINE</level>
  <message>File 118110914-MAURICIO MARQUES DA SILVA MONTE.zip was received. It was sent by MAURICIO MARQUES DA SILVA MONTE from IP 192.168.0.173</message>
</record>
</log>
<?xml version="1.0" encoding="UTF-8" standalone="no"?>
<!DOCTYPE log SYSTEM "logger.dtd">
<log>
<record>
  <date>2019-04-03T13:12:11.109-0300</date>
  <logger>MAURICIO MARQUES DA SILVA MONTE</logger>
  <level>FINE</level>
  <message>File 118110914-MAURICIO MARQUES DA SILVA MONTE.zip was received. It was sent by MAURICIO MARQUES DA SILVA MONTE from IP 192.168.0.173</message>
</record>
</log>
<?xml version="1.0" encoding="UTF-8" standalone="no"?>
<!DOCTYPE log SYSTEM "logger.dtd">
<log>
<record>
  <date>2019-04-03T13:13:05.297-0300</date>
  <logger>MAURICIO MARQUES DA SILVA MONTE</logger>
  <level>FINE</level>
  <message>File 118110914-MAURICIO MARQUES DA SILVA MONTE.zip was received. It was sent by MAURICIO MARQUES DA SILVA MONTE from IP 192.168.0.173</message>
</record>
</log>
<?xml version="1.0" encoding="UTF-8" standalone="no"?>
<!DOCTYPE log SYSTEM "logger.dtd">
<log>
<record>
  <date>2019-04-03T13:16:40.264-0300</date>
  <logger>MAURICIO MARQUES DA SILVA MONTE</logger>
  <level>FINE</level>
  <message>File 118110914-MAURICIO MARQUES DA SILVA MONTE.zip was received. It was sent by MAURICIO MARQUES DA SILVA MONTE from IP 192.168.0.173</message>
</record>
</log>
<?xml version="1.0" encoding="UTF-8" standalone="no"?>
<!DOCTYPE log SYSTEM "logger.dtd">
<log>
<record>
  <date>2019-04-03T13:17:12.867-0300</date>
  <logger>MAURICIO MARQUES DA SILVA MONTE</logger>
  <level>FINE</level>
  <message>File 118110914-MAURICIO MARQUES DA SILVA MONTE.zip was received. It was sent by MAURICIO MARQUES DA SILVA MONTE from IP 192.168.0.173</message>
</record>
</log>
<?xml version="1.0" encoding="UTF-8" standalone="no"?>
<!DOCTYPE log SYSTEM "logger.dtd">
<log>
<record>
  <date>2019-04-03T13:27:38.156-0300</date>
  <logger>MAURICIO MARQUES DA SILVA MONTE</logger>
  <level>FINE</level>
  <message>File 118110914-MAURICIO MARQUES DA SILVA MONTE.zip was received. It was sent by MAURICIO MARQUES DA SILVA MONTE from IP 192.168.0.173</message>
</record>
