<?xml version="1.0" encoding="UTF-8" standalone="no"?>
<!DOCTYPE log SYSTEM "logger.dtd">
<log>
<record>
  <date>2019-04-15T16:23:18.423-0300</date>
  <logger>MAURICIO MARQUES DA SILVA MONTE</logger>
  <level>FINE</level>
  <message>File 118110914-MAURICIO MARQUES DA SILVA MONTE.zip was received. It was sent by MAURICIO MARQUES DA SILVA MONTE from IP 150.165.42.179</message>
</record>
</log>
<?xml version="1.0" encoding="UTF-8" standalone="no"?>
<!DOCTYPE log SYSTEM "logger.dtd">
<log>
<record>
  <date>2019-04-17T14:50:28.613-0300</date>
  <logger>MAURICIO MARQUES DA SILVA MONTE</logger>
  <level>FINE</level>
  <message>File 118110914-MAURICIO MARQUES DA SILVA MONTE.zip was received. It was sent by MAURICIO MARQUES DA SILVA MONTE from IP 192.168.0.173</message>
</record>
</log>
<?xml version="1.0" encoding="UTF-8" standalone="no"?>
<!DOCTYPE log SYSTEM "logger.dtd">
<log>
<record>
  <date>2019-04-17T15:20:49.226-0300</date>
  <logger>MAURICIO MARQUES DA SILVA MONTE</logger>
  <level>FINE</level>
  <message>File 118110914-MAURICIO MARQUES DA SILVA MONTE.zip was received. It was sent by MAURICIO MARQUES DA SILVA MONTE from IP 192.168.0.173</message>
</record>
</log>
<?xml version="1.0" encoding="UTF-8" standalone="no"?>
<!DOCTYPE log SYSTEM "logger.dtd">
<log>
<record>
  <date>2019-04-17T15:34:25.342-0300</date>
  <logger>MAURICIO MARQUES DA SILVA MONTE</logger>
  <level>FINE</level>
  <message>File 118110914-MAURICIO MARQUES DA SILVA MONTE.zip was received. It was sent by MAURICIO MARQUES DA SILVA MONTE from IP 192.168.0.173</message>
</record>
