<?xml version="1.0" encoding="UTF-8" standalone="no"?>
<!DOCTYPE log SYSTEM "logger.dtd">
<log>
<record>
  <date>2019-04-25T14:32:59.358-0300</date>
  <logger>MAURICIO MARQUES DA SILVA MONTE</logger>
  <level>FINE</level>
  <message>File 118110914-MAURICIO MARQUES DA SILVA MONTE.zip was received. It was sent by MAURICIO MARQUES DA SILVA MONTE from IP 150.165.42.191</message>
</record>
</log>
<?xml version="1.0" encoding="UTF-8" standalone="no"?>
<!DOCTYPE log SYSTEM "logger.dtd">
<log>
<record>
  <date>2019-04-25T14:59:40.328-0300</date>
  <logger>MAURICIO MARQUES DA SILVA MONTE</logger>
  <level>FINE</level>
  <message>File 118110914-MAURICIO MARQUES DA SILVA MONTE.zip was received. It was sent by MAURICIO MARQUES DA SILVA MONTE from IP 150.165.42.191</message>
</record>
</log>
<?xml version="1.0" encoding="UTF-8" standalone="no"?>
<!DOCTYPE log SYSTEM "logger.dtd">
<log>
<record>
  <date>2019-04-25T15:01:48.704-0300</date>
  <logger>MAURICIO MARQUES DA SILVA MONTE</logger>
  <level>FINE</level>
  <message>File 118110914-MAURICIO MARQUES DA SILVA MONTE.zip was received. It was sent by MAURICIO MARQUES DA SILVA MONTE from IP 150.165.42.191</message>
</record>
</log>
<?xml version="1.0" encoding="UTF-8" standalone="no"?>
<!DOCTYPE log SYSTEM "logger.dtd">
<log>
<record>
  <date>2019-04-25T15:36:24.582-0300</date>
  <logger>MAURICIO MARQUES DA SILVA MONTE</logger>
  <level>FINE</level>
  <message>File 118110914-MAURICIO MARQUES DA SILVA MONTE.zip was received. It was sent by MAURICIO MARQUES DA SILVA MONTE from IP 150.165.42.191</message>
</record>
</log>
<?xml version="1.0" encoding="UTF-8" standalone="no"?>
<!DOCTYPE log SYSTEM "logger.dtd">
<log>
<record>
  <date>2019-04-27T11:06:09.638-0300</date>
  <logger>MAURICIO MARQUES DA SILVA MONTE</logger>
  <level>FINE</level>
  <message>File 118110914-MAURICIO MARQUES DA SILVA MONTE.zip was received. It was sent by MAURICIO MARQUES DA SILVA MONTE from IP 192.168.0.173</message>
</record>
</log>
<?xml version="1.0" encoding="UTF-8" standalone="no"?>
<!DOCTYPE log SYSTEM "logger.dtd">
<log>
<record>
  <date>2019-04-27T11:52:49.535-0300</date>
  <logger>MAURICIO MARQUES DA SILVA MONTE</logger>
  <level>FINE</level>
  <message>File 118110914-MAURICIO MARQUES DA SILVA MONTE.zip was received. It was sent by MAURICIO MARQUES DA SILVA MONTE from IP 192.168.0.173</message>
</record>
</log>
<?xml version="1.0" encoding="UTF-8" standalone="no"?>
<!DOCTYPE log SYSTEM "logger.dtd">
<log>
<record>
  <date>2019-04-27T13:32:04.899-0300</date>
  <logger>MAURICIO MARQUES DA SILVA MONTE</logger>
  <level>FINE</level>
  <message>File 118110914-MAURICIO MARQUES DA SILVA MONTE.zip was received. It was sent by MAURICIO MARQUES DA SILVA MONTE from IP 192.168.0.173</message>
</record>
</log>
<?xml version="1.0" encoding="UTF-8" standalone="no"?>
<!DOCTYPE log SYSTEM "logger.dtd">
<log>
<record>
  <date>2019-04-27T13:50:58.946-0300</date>
  <logger>MAURICIO MARQUES DA SILVA MONTE</logger>
  <level>FINE</level>
  <message>File 118110914-MAURICIO MARQUES DA SILVA MONTE.zip was received. It was sent by MAURICIO MARQUES DA SILVA MONTE from IP 192.168.0.173</message>
</record>
</log>
<?xml version="1.0" encoding="UTF-8" standalone="no"?>
<!DOCTYPE log SYSTEM "logger.dtd">
<log>
<record>
  <date>2019-04-27T13:51:18.495-0300</date>
  <logger>MAURICIO MARQUES DA SILVA MONTE</logger>
  <level>FINE</level>
  <message>File 118110914-MAURICIO MARQUES DA SILVA MONTE.zip was received. It was sent by MAURICIO MARQUES DA SILVA MONTE from IP 192.168.0.173</message>
</record>
