<?xml version="1.0" encoding="UTF-8" standalone="no"?>
<!DOCTYPE log SYSTEM "logger.dtd">
<log>
<record>
  <date>2019-03-28T14:36:57.118-0300</date>
  <logger>MAURICIO MARQUES DA SILVA MONTE</logger>
  <level>FINE</level>
  <message>File 118110914-MAURICIO MARQUES DA SILVA MONTE.zip was received. It was sent by MAURICIO MARQUES DA SILVA MONTE from IP 150.165.42.202</message>
</record>
</log>
<?xml version="1.0" encoding="UTF-8" standalone="no"?>
<!DOCTYPE log SYSTEM "logger.dtd">
<log>
<record>
  <date>2019-03-30T12:12:49.779-0300</date>
  <logger>MAURICIO MARQUES DA SILVA MONTE</logger>
  <level>FINE</level>
  <message>File 118110914-MAURICIO MARQUES DA SILVA MONTE.zip was received. It was sent by MAURICIO MARQUES DA SILVA MONTE from IP 192.168.0.173</message>
</record>
</log>
<?xml version="1.0" encoding="UTF-8" standalone="no"?>
<!DOCTYPE log SYSTEM "logger.dtd">
<log>
<record>
  <date>2019-03-30T12:41:24.249-0300</date>
  <logger>MAURICIO MARQUES DA SILVA MONTE</logger>
  <level>FINE</level>
  <message>File 118110914-MAURICIO MARQUES DA SILVA MONTE.zip was received. It was sent by MAURICIO MARQUES DA SILVA MONTE from IP 192.168.0.173</message>
</record>
</log>
<?xml version="1.0" encoding="UTF-8" standalone="no"?>
<!DOCTYPE log SYSTEM "logger.dtd">
<log>
<record>
  <date>2019-03-30T12:42:09.093-0300</date>
  <logger>MAURICIO MARQUES DA SILVA MONTE</logger>
  <level>FINE</level>
  <message>File 118110914-MAURICIO MARQUES DA SILVA MONTE.zip was received. It was sent by MAURICIO MARQUES DA SILVA MONTE from IP 192.168.0.173</message>
</record>
</log>
<?xml version="1.0" encoding="UTF-8" standalone="no"?>
<!DOCTYPE log SYSTEM "logger.dtd">
<log>
<record>
  <date>2019-03-30T12:43:00.953-0300</date>
  <logger>MAURICIO MARQUES DA SILVA MONTE</logger>
  <level>FINE</level>
  <message>File 118110914-MAURICIO MARQUES DA SILVA MONTE.zip was received. It was sent by MAURICIO MARQUES DA SILVA MONTE from IP 192.168.0.173</message>
</record>
